<?xml version="1.0" encoding="UTF-8"?>
<!-- Generated by org.testng.reporters.JUnitXMLReporter -->
<testsuite ignored="0" hostname="Rajeev-PC" failures="0" tests="7" name="Command line test" time="311.414" errors="0" timestamp="2022-09-05T15:39:42 IST">
  <testcase classname="Student.StudentModule" name="main" time="11.161"/>
  <testcase classname="Student.StudentModule" name="register" time="54.169"/>
  <testcase classname="Student.StudentModule" name="login" time="10.121"/>
  <testcase classname="Student.StudentModule" name="admission" time="101.954"/>
  <testcase classname="Student.StudentModule" name="studentadd" time="42.764"/>
  <testcase classname="Student.StudentModule" name="studentedit" time="74.972"/>
  <testcase classname="Student.StudentModule" name="studentdelete" time="16.007"/>
</testsuite> <!-- Command line test -->
