<?xml version="1.0" encoding="UTF-8"?>
<!-- Generated by org.testng.reporters.JUnitXMLReporter -->
<testsuite ignored="0" hostname="Rajeev-PC" failures="1" tests="1" name="Command line test" time="13.53" errors="0" timestamp="2022-08-25T13:11:32 IST">
  <testcase classname="Student.StudentAdd" name="Login" time="13.466">
    <failure type="java.lang.AssertionError" message="expected [https://demo.myskoolerp.co.in/dashboard] but found [https://demo.myskoolerp.co.in/signin/index]">
      <![CDATA[java.lang.AssertionError: expected [https://demo.myskoolerp.co.in/dashboard] but found [https://demo.myskoolerp.co.in/signin/index]
at Student.StudentAdd.Login(StudentAdd.java:39)
at java.base/java.util.ArrayList.forEach(ArrayList.java:1511)
... Removed 38 stack frames]]>
    </failure>
  </testcase> <!-- Login -->
</testsuite> <!-- Command line test -->
