<?xml version="1.0" encoding="UTF-8"?>
<testng-results ignored="0" total="1" passed="1" failed="0" skipped="0">
  <reporter-output>
  </reporter-output>
  <suite started-at="2022-09-03T16:29:46 IST" name="Testing Google Apps" finished-at="2022-09-03T16:30:46 IST" duration-ms="59621">
    <groups>
    </groups>
    <test started-at="2022-09-03T16:29:46 IST" name="StudentModule" finished-at="2022-09-03T16:30:46 IST" duration-ms="59458">
      <class name="Student.StudentModule">
        <test-method signature="main()[pri:1, instance:Student.StudentModule@309e345f]" started-at="2022-09-03T16:29:47 IST" name="main" finished-at="2022-09-03T16:30:46 IST" duration-ms="59401" status="PASS">
          <reporter-output>
          </reporter-output>
        </test-method> <!-- main -->
      </class> <!-- Student.StudentModule -->
    </test> <!-- StudentModule -->
    <test started-at="2022-09-03T16:30:46 IST" name="CSVconfig" finished-at="2022-09-03T16:30:46 IST" duration-ms="1">
    </test> <!-- CSVconfig -->
  </suite> <!-- Testing Google Apps -->
</testng-results>
